<?xml version="1.0" encoding="UTF-8"?>
<!-- Generated by org.testng.reporters.JUnitXMLReporter -->
<testsuite ignored="0" hostname="HYD-5CG05324LM" failures="0" tests="10" name="buy items" time="84.392" errors="0" timestamp="2023-11-25T17:57:44 IST">
  <testcase classname="com.Test.BuyItems" name="searchItem" time="5.383"/>
  <testcase classname="com.Test.BuyItems" name="openProductPage" time="0.968"/>
  <testcase classname="com.Test.BuyItems" name="checkProductAvailability" time="8.725"/>
  <testcase classname="com.Test.BuyItems" name="addToCart" time="13.01"/>
  <testcase classname="com.Test.BuyItems" name="checkOut" time="4.177"/>
  <testcase classname="com.Test.BuyItems" name="addShippingAddress" time="11.645"/>
  <testcase classname="com.Test.BuyItems" name="addPaymentMethod" time="19.769"/>
  <testcase classname="com.Test.BuyItems" name="placeOrder" time="3.355"/>
  <testcase classname="com.Test.BuyItems" name="viewOrder" time="3.946"/>
  <testcase classname="com.Test.BuyItems" name="dowloadOrderInvoice" time="3.162"/>
</testsuite> <!-- buy items -->
