<?xml version="1.0" encoding="UTF-8"?>
<!-- Generated by org.testng.reporters.JUnitXMLReporter -->
<testsuite ignored="0" hostname="HYD-5CG05324LM" failures="0" tests="5" name="Login" time="13.78" errors="0" timestamp="2023-11-25T17:49:50 IST">
  <testcase classname="com.Test.LoginTest" name="loginHappyFlow" time="9.782"/>
  <testcase classname="com.Test.LoginTest" name="invalidEmail" time="1.19"/>
  <testcase classname="com.Test.LoginTest" name="nullEmail" time="0.304"/>
  <testcase classname="com.Test.LoginTest" name="invalidPassword" time="2.116"/>
  <testcase classname="com.Test.LoginTest" name="nullPassword" time="0.279"/>
</testsuite> <!-- Login -->
