<?xml version="1.0" encoding="UTF-8"?>
<!-- Generated by org.testng.reporters.JUnitXMLReporter -->
<testsuite ignored="0" hostname="HYD-5CG05324LM" failures="0" tests="5" name="Login" time="29.638" errors="0" timestamp="2023-11-25T17:56:06 IST">
  <testcase classname="com.Test.LoginTest" name="loginHappyFlow" time="24.171"/>
  <testcase classname="com.Test.LoginTest" name="invalidEmail" time="1.926"/>
  <testcase classname="com.Test.LoginTest" name="nullEmail" time="0.353"/>
  <testcase classname="com.Test.LoginTest" name="invalidPassword" time="2.76"/>
  <testcase classname="com.Test.LoginTest" name="nullPassword" time="0.304"/>
</testsuite> <!-- Login -->
