<?xml version="1.0" encoding="UTF-8"?>
<!-- Generated by org.testng.reporters.JUnitXMLReporter -->
<testsuite ignored="0" hostname="HYD-5CG05324LM" failures="0" tests="6" name="Mysql - Database Testing" time="0.838" errors="0" timestamp="2023-11-25T17:57:45 IST">
  <testcase classname="com.Mysql.dbTesting" name="createTable" time="0.14"/>
  <testcase classname="com.Mysql.dbTesting" name="insertTable" time="0.034"/>
  <testcase classname="com.Mysql.dbTesting" name="findMaxPrice" time="0.022"/>
  <testcase classname="com.Mysql.dbTesting" name="findDuplicateRecord" time="0.006"/>
  <testcase classname="com.Mysql.dbTesting" name="findMostSoldProduct" time="0.006"/>
  <testcase classname="com.Mysql.dbTesting" name="findMostSoldProductByRegion" time="0.017"/>
</testsuite> <!-- Mysql - Database Testing -->
