<?xml version="1.0" encoding="UTF-8"?>
<!-- Generated by org.testng.reporters.JUnitXMLReporter -->
<testsuite ignored="0" hostname="HYD-5CG05324LM" failures="0" tests="8" name="registration" time="13.141" errors="0" timestamp="2023-11-25T17:50:03 IST">
  <testcase classname="com.Test.RegistrationTest" name="registerHappyFlow" time="0.002"/>
  <testcase classname="com.Test.RegistrationTest" name="invalidEmail" time="1.782"/>
  <testcase classname="com.Test.RegistrationTest" name="nullPassword" time="0.859"/>
  <testcase classname="com.Test.RegistrationTest" name="passwordLengthTest" time="0.908"/>
  <testcase classname="com.Test.RegistrationTest" name="nullMobileNumber" time="1.004"/>
  <testcase classname="com.Test.RegistrationTest" name="invalidMobileNumber" time="1.44"/>
  <testcase classname="com.Test.RegistrationTest" name="nullCustomerName" time="0.981"/>
  <testcase classname="com.Test.RegistrationTest" name="existingEmail" time="2.115"/>
</testsuite> <!-- registration -->
