<?xml version="1.0" encoding="UTF-8"?>
<!-- Generated by org.testng.reporters.JUnitXMLReporter -->
<testsuite ignored="0" hostname="HYD-5CG05324LM" failures="0" tests="8" name="registration" time="13.582" errors="0" timestamp="2023-11-25T17:56:20 IST">
  <testcase classname="com.Test.RegistrationTest" name="registerHappyFlow" time="0.002"/>
  <testcase classname="com.Test.RegistrationTest" name="invalidEmail" time="1.369"/>
  <testcase classname="com.Test.RegistrationTest" name="nullPassword" time="0.799"/>
  <testcase classname="com.Test.RegistrationTest" name="passwordLengthTest" time="1.034"/>
  <testcase classname="com.Test.RegistrationTest" name="nullMobileNumber" time="0.707"/>
  <testcase classname="com.Test.RegistrationTest" name="invalidMobileNumber" time="0.878"/>
  <testcase classname="com.Test.RegistrationTest" name="nullCustomerName" time="0.838"/>
  <testcase classname="com.Test.RegistrationTest" name="existingEmail" time="3.921"/>
</testsuite> <!-- registration -->
